<?xml version="1.0" encoding="UTF-8"?>
<testsuite xmlns:xsi="http://www.w3.org/2001/XMLSchema-instance" xsi:noNamespaceSchemaLocation="https://maven.apache.org/surefire/maven-surefire-plugin/xsd/surefire-test-report-3.0.xsd" version="3.0" name="CalculadoraTest" time="0.045" tests="5" errors="0" skipped="0" failures="0">
  <properties>
[...]
</properties>
  <testcase name="dividir_ok" classname="CalculadoraTest" time="0.014"/>
  <testcase name="restar_ok" classname="CalculadoraTest" time="0.007"/>
  <testcase name="sumar_ok" classname="CalculadoraTest" time="0.0"/>
  <testcase name="dividir_por_0" classname="CalculadoraTest" time="0.0"/>
  <testcase name="multiplicar_ok" classname="CalculadoraTest" time="0.0"/>
</testsuite>